0 info it worked if it ends with ok
1 verbose cli [ 'C:\\Program Files (x86)\\nodejs\\\\node.exe',
1 verbose cli   'C:\\Program Files (x86)\\nodejs\\node_modules\\npm\\bin\\npm-cli.js',
1 verbose cli   'install',
1 verbose cli   'webpack' ]
2 info using npm@2.7.4
3 info using node@v0.12.2
4 verbose node symlink C:\Program Files (x86)\nodejs\\node.exe
5 silly cache add args [ 'webpack@^3.10.0', null ]
6 verbose cache add spec webpack@^3.10.0
7 silly cache add parsed spec { raw: 'webpack@^3.10.0',
7 silly cache add   scope: null,
7 silly cache add   name: 'webpack',
7 silly cache add   rawSpec: '^3.10.0',
7 silly cache add   spec: '>=3.10.0 <4.0.0',
7 silly cache add   type: 'range' }
8 verbose addNamed webpack@>=3.10.0 <4.0.0
9 silly addNamed semver.valid null
10 silly addNamed semver.validRange >=3.10.0 <4.0.0
11 silly addNameRange { name: 'webpack', range: '>=3.10.0 <4.0.0', hasData: false }
12 silly mapToRegistry name webpack
13 silly mapToRegistry using default registry
14 silly mapToRegistry registry https://registry.npmjs.org/
15 silly mapToRegistry uri https://registry.npmjs.org/webpack
16 verbose addNameRange registry:https://registry.npmjs.org/webpack not in flight; fetching
17 verbose request uri https://registry.npmjs.org/webpack
18 verbose request no auth needed
19 info attempt registry request try #1 at 13:42:54
20 verbose request id da4c396d99fd2759
21 http request GET https://registry.npmjs.org/webpack
22 info retry will retry, error on last attempt: Error: getaddrinfo ENOTFOUND registry.npmjs.org
23 info attempt registry request try #2 at 13:43:04
24 http request GET https://registry.npmjs.org/webpack
25 info retry will retry, error on last attempt: Error: getaddrinfo ENOTFOUND registry.npmjs.org
26 info attempt registry request try #3 at 13:44:04
27 http request GET https://registry.npmjs.org/webpack
28 verbose stack Error: getaddrinfo ENOTFOUND registry.npmjs.org
28 verbose stack     at errnoException (dns.js:44:10)
28 verbose stack     at GetAddrInfoReqWrap.onlookup [as oncomplete] (dns.js:94:26)
29 verbose cwd C:\Users\IB\Desktop\SPCourrier
30 error Windows_NT 6.3.9600
31 error argv "C:\\Program Files (x86)\\nodejs\\\\node.exe" "C:\\Program Files (x86)\\nodejs\\node_modules\\npm\\bin\\npm-cli.js" "install" "webpack"
32 error node v0.12.2
33 error npm  v2.7.4
34 error code ENOTFOUND
35 error errno ENOTFOUND
36 error syscall getaddrinfo
37 error network getaddrinfo ENOTFOUND registry.npmjs.org
37 error network This is most likely not a problem with npm itself
37 error network and is related to network connectivity.
37 error network In most cases you are behind a proxy or have bad network settings.
37 error network
37 error network If you are behind a proxy, please make sure that the
37 error network 'proxy' config is set properly.  See: 'npm help config'
38 verbose exit [ 1, true ]
